<?xml version="1.0" encoding="UTF-8"?>
<!-- Generated by org.testng.reporters.JUnitReportReporter -->
<testsuite hostname="DESKTOP-4NVTT80" failures="0" tests="2" name="runner.Runner" time="19.227" errors="0" timestamp="2023-08-31T16:50:33 IST" skipped="0">
  <testcase classname="runner.Runner" name="runScenario" time="11.866"/>
  <testcase classname="runner.Runner" name="runScenario" time="7.361"/>
</testsuite> <!-- runner.Runner -->
