<?xml version="1.0" encoding="UTF-8"?>
<!-- Generated by org.testng.reporters.JUnitReportReporter -->
<testsuite hostname="DESKTOP-4NVTT80" failures="0" tests="1" name="tests.LoginTest" time="18.450" errors="0" timestamp="2023-08-31T16:07:54 IST" skipped="0">
  <testcase classname="tests.LoginTest" name="login" time="18.450"/>
</testsuite> <!-- tests.LoginTest -->
