<?xml version="1.0" encoding="UTF-8"?>
<!-- Generated by org.testng.reporters.JUnitReportReporter -->
<testsuite hostname="DESKTOP-4NVTT80" failures="0" tests="2" name="runner.Runner" time="24.666" errors="0" timestamp="2023-08-31T16:56:00 IST" skipped="0">
  <testcase classname="runner.Runner" name="runScenario" time="13.681"/>
  <testcase classname="runner.Runner" name="runScenario" time="10.985"/>
</testsuite> <!-- runner.Runner -->
